<?xml version="1.0" encoding="UTF-8"?>
<!-- Generated by org.testng.reporters.JUnitXMLReporter -->
<testsuite ignored="0" hostname="LAPTOP-DAV92TFV" failures="1" tests="2" name="Test" time="34.984" errors="0" timestamp="2025-01-04T13:17:42 IST">
  <testcase classname="testCases.TC01_Register" name="testRegister" time="3.666"/>
  <testcase classname="testCases.TC02_Login" name="testLogin" time="12.311">
    <failure type="java.lang.AssertionError" message="expected [true] but found [false]">
      <![CDATA[java.lang.AssertionError: expected [true] but found [false]
at testCases.TC02_Login.testLogin(TC02_Login.java:33)
at java.base/java.util.ArrayList.forEach(ArrayList.java:1597)
... Removed 29 stack frames]]>
    </failure>
  </testcase> <!-- testLogin -->
</testsuite> <!-- Test -->
