<?xml version="1.0" encoding="UTF-8"?>
<testng-results ignored="0" total="2" passed="2" failed="0" skipped="0">
  <reporter-output>
  </reporter-output>
  <suite started-at="2026-03-12T14:50:49 IST" name="Master Suite" finished-at="2026-03-12T14:51:19 IST" duration-ms="30328">
    <groups>
      <group name="Master">
        <method signature="TC01_Register.testRegister()[pri:0, instance:testCases.TC01_Register@9ebe38b]" name="testRegister" class="testCases.TC01_Register"/>
        <method signature="TC02_Login.testLogin()[pri:0, instance:testCases.TC02_Login@4f0100a7]" name="testLogin" class="testCases.TC02_Login"/>
      </group> <!-- Master -->
      <group name="Sanity">
        <method signature="TC02_Login.testLogin()[pri:0, instance:testCases.TC02_Login@4f0100a7]" name="testLogin" class="testCases.TC02_Login"/>
      </group> <!-- Sanity -->
      <group name="Regression">
        <method signature="TC01_Register.testRegister()[pri:0, instance:testCases.TC01_Register@9ebe38b]" name="testRegister" class="testCases.TC01_Register"/>
      </group> <!-- Regression -->
    </groups>
    <test started-at="2026-03-12T14:50:49 IST" name="Test" finished-at="2026-03-12T14:51:19 IST" duration-ms="30328">
      <class name="testCases.TC02_Login">
        <test-method is-config="true" signature="setup(java.lang.String,java.lang.String)[pri:0, instance:testCases.TC02_Login@4f0100a7]" started-at="2026-03-12T14:51:09 IST" name="setup" finished-at="2026-03-12T14:51:14 IST" duration-ms="5235" status="PASS">
          <params>
            <param index="0">
              <value>
                <![CDATA[windows]]>
              </value>
            </param>
            <param index="1">
              <value>
                <![CDATA[chrome]]>
              </value>
            </param>
          </params>
          <reporter-output>
          </reporter-output>
        </test-method> <!-- setup -->
        <test-method signature="testLogin()[pri:0, instance:testCases.TC02_Login@4f0100a7]" started-at="2026-03-12T14:51:14 IST" name="testLogin" finished-at="2026-03-12T14:51:18 IST" duration-ms="4642" status="PASS">
          <reporter-output>
          </reporter-output>
        </test-method> <!-- testLogin -->
        <test-method is-config="true" signature="teardown()[pri:0, instance:testCases.TC02_Login@4f0100a7]" started-at="2026-03-12T14:51:18 IST" name="teardown" finished-at="2026-03-12T14:51:19 IST" duration-ms="773" status="PASS">
          <reporter-output>
          </reporter-output>
        </test-method> <!-- teardown -->
      </class> <!-- testCases.TC02_Login -->
      <class name="testCases.TC01_Register">
        <test-method is-config="true" signature="setup(java.lang.String,java.lang.String)[pri:0, instance:testCases.TC01_Register@9ebe38b]" started-at="2026-03-12T14:50:49 IST" name="setup" finished-at="2026-03-12T14:50:59 IST" duration-ms="9919" status="PASS">
          <params>
            <param index="0">
              <value>
                <![CDATA[windows]]>
              </value>
            </param>
            <param index="1">
              <value>
                <![CDATA[chrome]]>
              </value>
            </param>
          </params>
          <reporter-output>
          </reporter-output>
        </test-method> <!-- setup -->
        <test-method signature="testRegister()[pri:0, instance:testCases.TC01_Register@9ebe38b]" started-at="2026-03-12T14:50:59 IST" name="testRegister" finished-at="2026-03-12T14:51:07 IST" duration-ms="7676" status="PASS">
          <reporter-output>
          </reporter-output>
        </test-method> <!-- testRegister -->
        <test-method is-config="true" signature="teardown()[pri:0, instance:testCases.TC01_Register@9ebe38b]" started-at="2026-03-12T14:51:07 IST" name="teardown" finished-at="2026-03-12T14:51:09 IST" duration-ms="1549" status="PASS">
          <reporter-output>
          </reporter-output>
        </test-method> <!-- teardown -->
      </class> <!-- testCases.TC01_Register -->
    </test> <!-- Test -->
  </suite> <!-- Master Suite -->
</testng-results>
