<?xml version="1.0" encoding="UTF-8"?>
<testng-results ignored="0" total="2" passed="2" failed="0" skipped="0">
  <reporter-output>
  </reporter-output>
  <suite started-at="2025-01-05T16:11:17 IST" name="Master Suite" finished-at="2025-01-05T16:11:35 IST" duration-ms="17773">
    <groups>
      <group name="Master">
        <method signature="TC01_Register.testRegister()[pri:0, instance:testCases.TC01_Register@35432107]" name="testRegister" class="testCases.TC01_Register"/>
        <method signature="TC02_Login.testLogin()[pri:0, instance:testCases.TC02_Login@4b41dd5c]" name="testLogin" class="testCases.TC02_Login"/>
      </group> <!-- Master -->
      <group name="Sanity">
        <method signature="TC02_Login.testLogin()[pri:0, instance:testCases.TC02_Login@4b41dd5c]" name="testLogin" class="testCases.TC02_Login"/>
      </group> <!-- Sanity -->
      <group name="Regression">
        <method signature="TC01_Register.testRegister()[pri:0, instance:testCases.TC01_Register@35432107]" name="testRegister" class="testCases.TC01_Register"/>
      </group> <!-- Regression -->
    </groups>
    <test started-at="2025-01-05T16:11:17 IST" name="Test" finished-at="2025-01-05T16:11:35 IST" duration-ms="17773">
      <class name="testCases.TC02_Login">
        <test-method is-config="true" signature="setup(java.lang.String,java.lang.String)[pri:0, instance:testCases.TC02_Login@4b41dd5c]" started-at="2025-01-05T16:11:27 IST" name="setup" finished-at="2025-01-05T16:11:32 IST" duration-ms="4845" status="PASS">
          <params>
            <param index="0">
              <value>
                <![CDATA[linux]]>
              </value>
            </param>
            <param index="1">
              <value>
                <![CDATA[chrome]]>
              </value>
            </param>
          </params>
          <reporter-output>
          </reporter-output>
        </test-method> <!-- setup -->
        <test-method signature="testLogin()[pri:0, instance:testCases.TC02_Login@4b41dd5c]" started-at="2025-01-05T16:11:32 IST" name="testLogin" finished-at="2025-01-05T16:11:34 IST" duration-ms="2492" status="PASS">
          <reporter-output>
          </reporter-output>
        </test-method> <!-- testLogin -->
        <test-method is-config="true" signature="teardown()[pri:0, instance:testCases.TC02_Login@4b41dd5c]" started-at="2025-01-05T16:11:34 IST" name="teardown" finished-at="2025-01-05T16:11:35 IST" duration-ms="270" status="PASS">
          <reporter-output>
          </reporter-output>
        </test-method> <!-- teardown -->
      </class> <!-- testCases.TC02_Login -->
      <class name="testCases.TC01_Register">
        <test-method is-config="true" signature="setup(java.lang.String,java.lang.String)[pri:0, instance:testCases.TC01_Register@35432107]" started-at="2025-01-05T16:11:17 IST" name="setup" finished-at="2025-01-05T16:11:23 IST" duration-ms="5461" status="PASS">
          <params>
            <param index="0">
              <value>
                <![CDATA[linux]]>
              </value>
            </param>
            <param index="1">
              <value>
                <![CDATA[chrome]]>
              </value>
            </param>
          </params>
          <reporter-output>
          </reporter-output>
        </test-method> <!-- setup -->
        <test-method signature="testRegister()[pri:0, instance:testCases.TC01_Register@35432107]" started-at="2025-01-05T16:11:23 IST" name="testRegister" finished-at="2025-01-05T16:11:26 IST" duration-ms="3917" status="PASS">
          <reporter-output>
          </reporter-output>
        </test-method> <!-- testRegister -->
        <test-method is-config="true" signature="teardown()[pri:0, instance:testCases.TC01_Register@35432107]" started-at="2025-01-05T16:11:27 IST" name="teardown" finished-at="2025-01-05T16:11:27 IST" duration-ms="492" status="PASS">
          <reporter-output>
          </reporter-output>
        </test-method> <!-- teardown -->
      </class> <!-- testCases.TC01_Register -->
    </test> <!-- Test -->
  </suite> <!-- Master Suite -->
</testng-results>
