<?xml version="1.0" encoding="UTF-8"?>
<testng-results ignored="0" total="1" passed="1" failed="0" skipped="0">
  <reporter-output>
  </reporter-output>
  <suite started-at="2025-01-08T20:19:01 IST" name="Suite" finished-at="2025-01-08T20:19:24 IST" duration-ms="22658">
    <groups>
      <group name="Master">
        <method signature="TC01_Register.testRegister()[pri:0, instance:testCases.TC01_Register@22295ec4]" name="testRegister" class="testCases.TC01_Register"/>
        <method signature="TC01_Register.testRegister()[pri:0, instance:testCases.TC01_Register@13d9b21f]" name="testRegister" class="testCases.TC01_Register"/>
        <method signature="TC01_Register.testRegister()[pri:0, instance:testCases.TC01_Register@62727399]" name="testRegister" class="testCases.TC01_Register"/>
      </group> <!-- Master -->
      <group name="Regression">
        <method signature="TC01_Register.testRegister()[pri:0, instance:testCases.TC01_Register@22295ec4]" name="testRegister" class="testCases.TC01_Register"/>
        <method signature="TC01_Register.testRegister()[pri:0, instance:testCases.TC01_Register@13d9b21f]" name="testRegister" class="testCases.TC01_Register"/>
        <method signature="TC01_Register.testRegister()[pri:0, instance:testCases.TC01_Register@62727399]" name="testRegister" class="testCases.TC01_Register"/>
      </group> <!-- Regression -->
    </groups>
    <test started-at="2025-01-08T20:19:01 IST" name="firefoxTest" finished-at="2025-01-08T20:19:24 IST" duration-ms="22658">
      <class name="testCases.TC01_Register">
        <test-method is-config="true" signature="setup(java.lang.String,java.lang.String)[pri:0, instance:testCases.TC01_Register@62727399]" started-at="2025-01-08T20:19:02 IST" name="setup" finished-at="2025-01-08T20:19:18 IST" duration-ms="15692" status="PASS">
          <params>
            <param index="0">
              <value>
                <![CDATA[windows]]>
              </value>
            </param>
            <param index="1">
              <value>
                <![CDATA[firefox]]>
              </value>
            </param>
          </params>
          <reporter-output>
          </reporter-output>
        </test-method> <!-- setup -->
        <test-method signature="testRegister()[pri:0, instance:testCases.TC01_Register@62727399]" started-at="2025-01-08T20:19:18 IST" name="testRegister" finished-at="2025-01-08T20:19:22 IST" duration-ms="4734" status="PASS">
          <reporter-output>
          </reporter-output>
        </test-method> <!-- testRegister -->
        <test-method is-config="true" signature="teardown()[pri:0, instance:testCases.TC01_Register@62727399]" started-at="2025-01-08T20:19:22 IST" name="teardown" finished-at="2025-01-08T20:19:24 IST" duration-ms="1775" status="PASS">
          <reporter-output>
          </reporter-output>
        </test-method> <!-- teardown -->
      </class> <!-- testCases.TC01_Register -->
    </test> <!-- firefoxTest -->
  </suite> <!-- Suite -->
</testng-results>
